c:\users\blake\desktop\aclg\main menu\main menu prototype\debug\vc142.pdb
c:\users\blake\desktop\aclg\main menu\main menu prototype\debug\vc142.idb
c:\users\blake\desktop\aclg\main menu\main menu prototype\debug\note.obj
c:\users\blake\desktop\aclg\main menu\main menu prototype\debug\mm.obj
c:\users\blake\desktop\aclg\aclg main menu_13-02-2020\main menu prototype\debug\vc142.pdb
c:\users\blake\desktop\aclg\aclg main menu_13-02-2020\main menu prototype\debug\vc142.idb
c:\users\blake\desktop\aclg\aclg main menu_13-02-2020\main menu prototype\debug\note.obj
c:\users\blake\desktop\aclg\aclg main menu_13-02-2020\main menu prototype\debug\mm.obj
c:\users\blake\desktop\aclg\main menu\debug\main menu prototype.ilk
c:\users\blake\desktop\aclg\main menu\debug\main menu prototype.exe
c:\users\blake\desktop\aclg\main menu\debug\main menu prototype.pdb
c:\users\blake\desktop\aclg\aclg main menu_13-02-2020\debug\main menu prototype.ilk
c:\users\blake\desktop\aclg\aclg main menu_13-02-2020\debug\main menu prototype.exe
c:\users\blake\desktop\aclg\aclg main menu_13-02-2020\debug\main menu prototype.pdb
c:\users\blake\desktop\aclg\aclg main menu_13-02-2020\main menu prototype\debug\main men.e1995af4.tlog\cl.command.1.tlog
c:\users\blake\desktop\aclg\aclg main menu_13-02-2020\main menu prototype\debug\main men.e1995af4.tlog\cl.read.1.tlog
c:\users\blake\desktop\aclg\aclg main menu_13-02-2020\main menu prototype\debug\main men.e1995af4.tlog\cl.write.1.tlog
c:\users\blake\desktop\aclg\aclg main menu_13-02-2020\main menu prototype\debug\main men.e1995af4.tlog\link.command.1.tlog
c:\users\blake\desktop\aclg\aclg main menu_13-02-2020\main menu prototype\debug\main men.e1995af4.tlog\link.read.1.tlog
c:\users\blake\desktop\aclg\aclg main menu_13-02-2020\main menu prototype\debug\main men.e1995af4.tlog\link.write.1.tlog
